# JRE version: OpenJDK Runtime Environment (8.0_112-b06) (build 1.8.0_112-release-b06)
# Java VM: OpenJDK 64-Bit Server VM (25.112-b06 mixed mode windows-amd64 compressed oops)
Heap:
 PSYoungGen      total 863744K, used 639114K [0x000000076ab00000, 0x00000007ae280000, 0x00000007c0000000)
  eden space 650752K, 92% used [0x000000076ab00000,0x000000078f81acc8,0x0000000792680000)
  from space 212992K, 16% used [0x00000007a1280000,0x00000007a3587e88,0x00000007ae280000)
  to   space 227328K, 0% used [0x0000000792680000,0x0000000792680000,0x00000007a0480000)
 ParOldGen       total 1110016K, used 756662K [0x00000006c0000000, 0x0000000703c00000, 0x000000076ab00000)
  object space 1110016K, 68% used [0x00000006c0000000,0x00000006ee2edaa0,0x0000000703c00000)
 Metaspace       used 7112K, capacity 7800K, committed 7936K, reserved 1056768K
  class space    used 627K, capacity 688K, committed 768K, reserved 1048576K
GC Heap History (10 events):
Event: 13.200 GC heap before
{Heap before GC invocations=18 (full 4):
 PSYoungGen      total 646656K, used 74009K [0x000000076ab00000, 0x00000007a0b80000, 0x00000007c0000000)
  eden space 500224K, 0% used [0x000000076ab00000,0x000000076ab00000,0x0000000789380000)
  from space 146432K, 50% used [0x0000000789380000,0x000000078dbc66f8,0x0000000792280000)
  to   space 145408K, 0% used [0x0000000797d80000,0x0000000797d80000,0x00000007a0b80000)
 ParOldGen       total 485376K, used 484910K [0x00000006c0000000, 0x00000006dda00000, 0x000000076ab00000)
  object space 485376K, 99% used [0x00000006c0000000,0x00000006dd98bad8,0x00000006dda00000)
 Metaspace       used 6428K, capacity 7280K, committed 7552K, reserved 1056768K
  class space    used 586K, capacity 616K, committed 640K, reserved 1048576K
Event: 16.050 GC heap after
Heap after GC invocations=18 (full 4):
 PSYoungGen      total 646656K, used 61295K [0x000000076ab00000, 0x00000007a0b80000, 0x00000007c0000000)
  eden space 500224K, 0% used [0x000000076ab00000,0x000000076ab00000,0x0000000789380000)
  from space 146432K, 41% used [0x0000000789380000,0x000000078cf5bf20,0x0000000792280000)
  to   space 145408K, 0% used [0x0000000797d80000,0x0000000797d80000,0x00000007a0b80000)
 ParOldGen       total 756736K, used 485307K [0x00000006c0000000, 0x00000006ee300000, 0x000000076ab00000)
  object space 756736K, 64% used [0x00000006c0000000,0x00000006dd9eeca0,0x00000006ee300000)
 Metaspace       used 6428K, capacity 7280K, committed 7552K, reserved 1056768K
  class space    used 586K, capacity 616K, committed 640K, reserved 1048576K
}
Event: 17.018 GC heap before
{Heap before GC invocations=19 (full 4):
 PSYoungGen      total 646656K, used 561519K [0x000000076ab00000, 0x00000007a0b80000, 0x00000007c0000000)
  eden space 500224K, 100% used [0x000000076ab00000,0x0000000789380000,0x0000000789380000)
  from space 146432K, 41% used [0x0000000789380000,0x000000078cf5bf20,0x0000000792280000)
  to   space 145408K, 0% used [0x0000000797d80000,0x0000000797d80000,0x00000007a0b80000)
 ParOldGen       total 756736K, used 485307K [0x00000006c0000000, 0x00000006ee300000, 0x000000076ab00000)
  object space 756736K, 64% used [0x00000006c0000000,0x00000006dd9eeca0,0x00000006ee300000)
 Metaspace       used 6433K, capacity 7280K, committed 7552K, reserved 1056768K
  class space    used 586K, capacity 616K, committed 640K, reserved 1048576K
Event: 17.289 GC heap after
Heap after GC invocations=19 (full 4):
 PSYoungGen      total 717312K, used 139235K [0x000000076ab00000, 0x00000007a2b00000, 0x00000007c0000000)
  eden space 571904K, 0% used [0x000000076ab00000,0x000000076ab00000,0x000000078d980000)
  from space 145408K, 95% used [0x0000000797d80000,0x00000007a0578fa8,0x00000007a0b80000)
  to   space 167936K, 0% used [0x000000078d980000,0x000000078d980000,0x0000000797d80000)
 ParOldGen       total 756736K, used 485307K [0x00000006c0000000, 0x00000006ee300000, 0x000000076ab00000)
  object space 756736K, 64% used [0x00000006c0000000,0x00000006dd9eeca0,0x00000006ee300000)
 Metaspace       used 6433K, capacity 7280K, committed 7552K, reserved 1056768K
  class space    used 586K, capacity 616K, committed 640K, reserved 1048576K
}
Event: 18.191 GC heap before
{Heap before GC invocations=20 (full 4):
 PSYoungGen      total 717312K, used 711139K [0x000000076ab00000, 0x00000007a2b00000, 0x00000007c0000000)
  eden space 571904K, 100% used [0x000000076ab00000,0x000000078d980000,0x000000078d980000)
  from space 145408K, 95% used [0x0000000797d80000,0x00000007a0578fa8,0x00000007a0b80000)
  to   space 167936K, 0% used [0x000000078d980000,0x000000078d980000,0x0000000797d80000)
 ParOldGen       total 756736K, used 485307K [0x00000006c0000000, 0x00000006ee300000, 0x000000076ab00000)
  object space 756736K, 64% used [0x00000006c0000000,0x00000006dd9eeca0,0x00000006ee300000)
 Metaspace       used 6434K, capacity 7280K, committed 7552K, reserved 1056768K
  class space    used 586K, capacity 616K, committed 640K, reserved 1048576K
Event: 18.427 GC heap after
Heap after GC invocations=20 (full 4):
 PSYoungGen      total 739840K, used 167910K [0x000000076ab00000, 0x00000007ae600000, 0x00000007c0000000)
  eden space 571904K, 0% used [0x000000076ab00000,0x000000076ab00000,0x000000078d980000)
  from space 167936K, 99% used [0x000000078d980000,0x0000000797d79ba8,0x0000000797d80000)
  to   space 216576K, 0% used [0x00000007a1280000,0x00000007a1280000,0x00000007ae600000)
 ParOldGen       total 756736K, used 540002K [0x00000006c0000000, 0x00000006ee300000, 0x000000076ab00000)
  object space 756736K, 71% used [0x00000006c0000000,0x00000006e0f58b70,0x00000006ee300000)
 Metaspace       used 6434K, capacity 7280K, committed 7552K, reserved 1056768K
  class space    used 586K, capacity 616K, committed 640K, reserved 1048576K
}
Event: 19.418 GC heap before
{Heap before GC invocations=21 (full 4):
 PSYoungGen      total 739840K, used 739814K [0x000000076ab00000, 0x00000007ae600000, 0x00000007c0000000)
  eden space 571904K, 100% used [0x000000076ab00000,0x000000078d980000,0x000000078d980000)
  from space 167936K, 99% used [0x000000078d980000,0x0000000797d79ba8,0x0000000797d80000)
  to   space 216576K, 0% used [0x00000007a1280000,0x00000007a1280000,0x00000007ae600000)
 ParOldGen       total 756736K, used 540002K [0x00000006c0000000, 0x00000006ee300000, 0x000000076ab00000)
  object space 756736K, 71% used [0x00000006c0000000,0x00000006e0f58b70,0x00000006ee300000)
 Metaspace       used 6497K, capacity 7344K, committed 7552K, reserved 1056768K
  class space    used 590K, capacity 616K, committed 640K, reserved 1048576K
Event: 19.776 GC heap after
Heap after GC invocations=21 (full 4):
 PSYoungGen      total 863744K, used 145321K [0x000000076ab00000, 0x00000007ae280000, 0x00000007c0000000)
  eden space 650752K, 0% used [0x000000076ab00000,0x000000076ab00000,0x0000000792680000)
  from space 212992K, 68% used [0x00000007a1280000,0x00000007aa06a448,0x00000007ae280000)
  to   space 227328K, 0% used [0x0000000792680000,0x0000000792680000,0x00000007a0480000)
 ParOldGen       total 756736K, used 657597K [0x00000006c0000000, 0x00000006ee300000, 0x000000076ab00000)
  object space 756736K, 86% used [0x00000006c0000000,0x00000006e822f760,0x00000006ee300000)
 Metaspace       used 6497K, capacity 7344K, committed 7552K, reserved 1056768K
  class space    used 590K, capacity 616K, committed 640K, reserved 1048576K
}
Event: 19.776 GC heap before
{Heap before GC invocations=22 (full 5):
 PSYoungGen      total 863744K, used 145321K [0x000000076ab00000, 0x00000007ae280000, 0x00000007c0000000)
  eden space 650752K, 0% used [0x000000076ab00000,0x000000076ab00000,0x0000000792680000)
  from space 212992K, 68% used [0x00000007a1280000,0x00000007aa06a448,0x00000007ae280000)
  to   space 227328K, 0% used [0x0000000792680000,0x0000000792680000,0x00000007a0480000)
 ParOldGen       total 756736K, used 657597K [0x00000006c0000000, 0x00000006ee300000, 0x000000076ab00000)
  object space 756736K, 86% used [0x00000006c0000000,0x00000006e822f760,0x00000006ee300000)
 Metaspace       used 6497K, capacity 7344K, committed 7552K, reserved 1056768K
  class space    used 590K, capacity 616K, committed 640K, reserved 1048576K
Event: 23.339 GC heap after
Heap after GC invocations=22 (full 5):
 PSYoungGen      total 863744K, used 35871K [0x000000076ab00000, 0x00000007ae280000, 0x00000007c0000000)
  eden space 650752K, 0% used [0x000000076ab00000,0x000000076ab00000,0x0000000792680000)
  from space 212992K, 16% used [0x00000007a1280000,0x00000007a3587e88,0x00000007ae280000)
  to   space 227328K, 0% used [0x0000000792680000,0x0000000792680000,0x00000007a0480000)
 ParOldGen       total 1110016K, used 756662K [0x00000006c0000000, 0x0000000703c00000, 0x000000076ab00000)
  object space 1110016K, 68% used [0x00000006c0000000,0x00000006ee2edaa0,0x0000000703c00000)
 Metaspace       used 6497K, capacity 7344K, committed 7552K, reserved 1056768K
  class space    used 590K, capacity 616K, committed 640K, reserved 1048576K
}

